This file contains any messages produced by compilers while
running configure, to aid debugging if configure makes a mistake.

It was created by bildbetrachter configure 0.1, which was
generated by GNU Autoconf 2.69.  Invocation command line was

  $ /home/sevenonlinez/git/GTK-Learning/gtk-first-steps/buttons_and_windows/bildbetrachter/configure --enable-maintainer-mode CFLAGS=-g -O0 CXXFLAGS=-g -O0 JFLAGS=-g -O0 FFLAGS=-g -O0

## --------- ##
## Platform. ##
## --------- ##

hostname = hp-envy
uname -m = x86_64
uname -r = 3.8.4-202.fc18.x86_64
uname -s = Linux
uname -v = #1 SMP Thu Mar 21 17:02:20 UTC 2013

/usr/bin/uname -p = x86_64
/bin/uname -X     = unknown

/bin/arch              = x86_64
/usr/bin/arch -k       = unknown
/usr/convex/getsysinfo = unknown
/usr/bin/hostinfo      = unknown
/bin/machine           = unknown
/usr/bin/oslevel       = unknown
/bin/universe          = unknown

PATH: /usr/local/bin
PATH: /usr/bin
PATH: /bin
PATH: /usr/local/sbin
PATH: /usr/sbin
PATH: /home/sevenonlinez/.local/bin
PATH: /home/sevenonlinez/bin


## ----------- ##
## Core tests. ##
## ----------- ##

configure:2178: checking for a BSD-compatible install
configure:2246: result: /usr/bin/install -c
configure:2257: checking whether build environment is sane
configure:2312: result: yes
configure:2463: checking for a thread-safe mkdir -p
configure:2502: result: /usr/bin/mkdir -p
configure:2509: checking for gawk
configure:2525: found /usr/bin/gawk
configure:2536: result: gawk
configure:2547: checking whether make sets $(MAKE)
configure:2569: result: yes
configure:2667: checking whether make supports nested variables
configure:2684: result: yes
configure:2744: checking for gcc
configure:2760: found /usr/bin/gcc
configure:2771: result: gcc
configure:3000: checking for C compiler version
configure:3009: gcc --version >&5
gcc (GCC) 4.7.2 20121109 (Red Hat 4.7.2-8)
Copyright (C) 2012 Free Software Foundation, Inc.
This is free software; see the source for copying conditions.  There is NO
warranty; not even for MERCHANTABILITY or FITNESS FOR A PARTICULAR PURPOSE.

configure:3020: $? = 0
configure:3009: gcc -v >&5
Using built-in specs.
COLLECT_GCC=gcc
COLLECT_LTO_WRAPPER=/usr/libexec/gcc/x86_64-redhat-linux/4.7.2/lto-wrapper
Target: x86_64-redhat-linux
Configured with: ../configure --prefix=/usr --mandir=/usr/share/man --infodir=/usr/share/info --with-bugurl=http://bugzilla.redhat.com/bugzilla --enable-bootstrap --enable-shared --enable-threads=posix --enable-checking=release --disable-build-with-cxx --disable-build-poststage1-with-cxx --with-system-zlib --enable-__cxa_atexit --disable-libunwind-exceptions --enable-gnu-unique-object --enable-linker-build-id --with-linker-hash-style=gnu --enable-languages=c,c++,objc,obj-c++,java,fortran,ada,go,lto --enable-plugin --enable-initfini-array --enable-java-awt=gtk --disable-dssi --with-java-home=/usr/lib/jvm/java-1.5.0-gcj-1.5.0.0/jre --enable-libgcj-multifile --enable-java-maintainer-mode --with-ecj-jar=/usr/share/java/eclipse-ecj.jar --disable-libjava-multilib --with-ppl --with-cloog --with-tune=generic --with-arch_32=i686 --build=x86_64-redhat-linux
Thread model: posix
gcc version 4.7.2 20121109 (Red Hat 4.7.2-8) (GCC) 
configure:3020: $? = 0
configure:3009: gcc -V >&5
gcc: error: unrecognized command line option '-V'
gcc: fatal error: no input files
compilation terminated.
configure:3020: $? = 4
configure:3009: gcc -qversion >&5
gcc: error: unrecognized command line option '-qversion'
gcc: fatal error: no input files
compilation terminated.
configure:3020: $? = 4
configure:3040: checking whether the C compiler works
configure:3062: gcc -g -O0   conftest.c  >&5
configure:3066: $? = 0
configure:3114: result: yes
configure:3117: checking for C compiler default output file name
configure:3119: result: a.out
configure:3125: checking for suffix of executables
configure:3132: gcc -o conftest -g -O0   conftest.c  >&5
configure:3136: $? = 0
configure:3158: result: 
configure:3180: checking whether we are cross compiling
configure:3188: gcc -o conftest -g -O0   conftest.c  >&5
configure:3192: $? = 0
configure:3199: ./conftest
configure:3203: $? = 0
configure:3218: result: no
configure:3223: checking for suffix of object files
configure:3245: gcc -c -g -O0  conftest.c >&5
configure:3249: $? = 0
configure:3270: result: o
configure:3274: checking whether we are using the GNU C compiler
configure:3293: gcc -c -g -O0  conftest.c >&5
configure:3293: $? = 0
configure:3302: result: yes
configure:3311: checking whether gcc accepts -g
configure:3331: gcc -c -g  conftest.c >&5
configure:3331: $? = 0
configure:3372: result: yes
configure:3389: checking for gcc option to accept ISO C89
configure:3452: gcc  -c -g -O0  conftest.c >&5
configure:3452: $? = 0
configure:3465: result: none needed
configure:3496: checking for style of include used by make
configure:3524: result: GNU
configure:3550: checking dependency style of gcc
configure:3661: result: gcc3
configure:3711: checking build system type
configure:3725: result: x86_64-unknown-linux-gnu
configure:3745: checking host system type
configure:3758: result: x86_64-unknown-linux-gnu
configure:3799: checking how to print strings
configure:3826: result: printf
configure:3847: checking for a sed that does not truncate output
configure:3911: result: /usr/bin/sed
configure:3929: checking for grep that handles long lines and -e
configure:3987: result: /usr/bin/grep
configure:3992: checking for egrep
configure:4054: result: /usr/bin/grep -E
configure:4059: checking for fgrep
configure:4121: result: /usr/bin/grep -F
configure:4156: checking for ld used by gcc
configure:4223: result: /usr/bin/ld
configure:4230: checking if the linker (/usr/bin/ld) is GNU ld
configure:4245: result: yes
configure:4257: checking for BSD- or MS-compatible name lister (nm)
configure:4306: result: /usr/bin/nm -B
configure:4436: checking the name lister (/usr/bin/nm -B) interface
configure:4443: gcc -c -g -O0  conftest.c >&5
configure:4446: /usr/bin/nm -B "conftest.o"
configure:4449: output
0000000000000000 B some_variable
configure:4456: result: BSD nm
configure:4459: checking whether ln -s works
configure:4463: result: yes
configure:4471: checking the maximum length of command line arguments
configure:4601: result: 1572864
configure:4618: checking whether the shell understands some XSI constructs
configure:4628: result: yes
configure:4632: checking whether the shell understands "+="
configure:4638: result: yes
configure:4673: checking how to convert x86_64-unknown-linux-gnu file names to x86_64-unknown-linux-gnu format
configure:4713: result: func_convert_file_noop
configure:4720: checking how to convert x86_64-unknown-linux-gnu file names to toolchain format
configure:4740: result: func_convert_file_noop
configure:4747: checking for /usr/bin/ld option to reload object files
configure:4754: result: -r
configure:4828: checking for objdump
configure:4844: found /usr/bin/objdump
configure:4855: result: objdump
configure:4887: checking how to recognize dependent libraries
configure:5089: result: pass_all
configure:5174: checking for dlltool
configure:5204: result: no
configure:5234: checking how to associate runtime and link libraries
configure:5261: result: printf %s\n
configure:5322: checking for ar
configure:5338: found /usr/bin/ar
configure:5349: result: ar
configure:5386: checking for archiver @FILE support
configure:5403: gcc -c -g -O0  conftest.c >&5
configure:5403: $? = 0
configure:5406: ar cru libconftest.a @conftest.lst >&5
configure:5409: $? = 0
configure:5414: ar cru libconftest.a @conftest.lst >&5
ar: conftest.o: No such file or directory
configure:5417: $? = 1
configure:5429: result: @
configure:5487: checking for strip
configure:5503: found /usr/bin/strip
configure:5514: result: strip
configure:5586: checking for ranlib
configure:5602: found /usr/bin/ranlib
configure:5613: result: ranlib
configure:5715: checking command to parse /usr/bin/nm -B output from gcc object
configure:5835: gcc -c -g -O0  conftest.c >&5
configure:5838: $? = 0
configure:5842: /usr/bin/nm -B conftest.o \| sed -n -e 's/^.*[ ]\([ABCDGIRSTW][ABCDGIRSTW]*\)[ ][ ]*\([_A-Za-z][_A-Za-z0-9]*\)$/\1 \2 \2/p' | sed '/ __gnu_lto/d' \> conftest.nm
configure:5845: $? = 0
configure:5911: gcc -o conftest -g -O0   conftest.c conftstm.o >&5
configure:5914: $? = 0
configure:5952: result: ok
configure:5989: checking for sysroot
configure:6019: result: no
configure:6096: gcc -c -g -O0  conftest.c >&5
configure:6099: $? = 0
configure:6275: checking for mt
configure:6305: result: no
configure:6325: checking if : is a manifest tool
configure:6331: : '-?'
configure:6339: result: no
configure:6981: checking how to run the C preprocessor
configure:7012: gcc -E  conftest.c
configure:7012: $? = 0
configure:7026: gcc -E  conftest.c
conftest.c:11:28: fatal error: ac_nonexistent.h: No such file or directory
compilation terminated.
configure:7026: $? = 1
configure: failed program was:
| /* confdefs.h */
| #define PACKAGE_NAME "bildbetrachter"
| #define PACKAGE_TARNAME "bildbetrachter"
| #define PACKAGE_VERSION "0.1"
| #define PACKAGE_STRING "bildbetrachter 0.1"
| #define PACKAGE_BUGREPORT ""
| #define PACKAGE_URL ""
| #define PACKAGE "bildbetrachter"
| #define VERSION "0.1"
| /* end confdefs.h.  */
| #include <ac_nonexistent.h>
configure:7051: result: gcc -E
configure:7071: gcc -E  conftest.c
configure:7071: $? = 0
configure:7085: gcc -E  conftest.c
conftest.c:11:28: fatal error: ac_nonexistent.h: No such file or directory
compilation terminated.
configure:7085: $? = 1
configure: failed program was:
| /* confdefs.h */
| #define PACKAGE_NAME "bildbetrachter"
| #define PACKAGE_TARNAME "bildbetrachter"
| #define PACKAGE_VERSION "0.1"
| #define PACKAGE_STRING "bildbetrachter 0.1"
| #define PACKAGE_BUGREPORT ""
| #define PACKAGE_URL ""
| #define PACKAGE "bildbetrachter"
| #define VERSION "0.1"
| /* end confdefs.h.  */
| #include <ac_nonexistent.h>
configure:7114: checking for ANSI C header files
configure:7134: gcc -c -g -O0  conftest.c >&5
configure:7134: $? = 0
configure:7207: gcc -o conftest -g -O0   conftest.c  >&5
configure:7207: $? = 0
configure:7207: ./conftest
configure:7207: $? = 0
configure:7218: result: yes
configure:7231: checking for sys/types.h
configure:7231: gcc -c -g -O0  conftest.c >&5
configure:7231: $? = 0
configure:7231: result: yes
configure:7231: checking for sys/stat.h
configure:7231: gcc -c -g -O0  conftest.c >&5
configure:7231: $? = 0
configure:7231: result: yes
configure:7231: checking for stdlib.h
configure:7231: gcc -c -g -O0  conftest.c >&5
configure:7231: $? = 0
configure:7231: result: yes
configure:7231: checking for string.h
configure:7231: gcc -c -g -O0  conftest.c >&5
configure:7231: $? = 0
configure:7231: result: yes
configure:7231: checking for memory.h
configure:7231: gcc -c -g -O0  conftest.c >&5
configure:7231: $? = 0
configure:7231: result: yes
configure:7231: checking for strings.h
configure:7231: gcc -c -g -O0  conftest.c >&5
configure:7231: $? = 0
configure:7231: result: yes
configure:7231: checking for inttypes.h
configure:7231: gcc -c -g -O0  conftest.c >&5
configure:7231: $? = 0
configure:7231: result: yes
configure:7231: checking for stdint.h
configure:7231: gcc -c -g -O0  conftest.c >&5
configure:7231: $? = 0
configure:7231: result: yes
configure:7231: checking for unistd.h
configure:7231: gcc -c -g -O0  conftest.c >&5
configure:7231: $? = 0
configure:7231: result: yes
configure:7245: checking for dlfcn.h
configure:7245: gcc -c -g -O0  conftest.c >&5
configure:7245: $? = 0
configure:7245: result: yes
configure:7451: checking for objdir
configure:7466: result: .libs
configure:7733: checking if gcc supports -fno-rtti -fno-exceptions
configure:7751: gcc -c -g -O0  -fno-rtti -fno-exceptions conftest.c >&5
cc1: warning: command line option '-fno-rtti' is valid for C++/ObjC++ but not for C [enabled by default]
configure:7755: $? = 0
configure:7768: result: no
configure:8095: checking for gcc option to produce PIC
configure:8102: result: -fPIC -DPIC
configure:8110: checking if gcc PIC flag -fPIC -DPIC works
configure:8128: gcc -c -g -O0  -fPIC -DPIC -DPIC conftest.c >&5
configure:8132: $? = 0
configure:8145: result: yes
configure:8174: checking if gcc static flag -static works
configure:8202: result: no
configure:8217: checking if gcc supports -c -o file.o
configure:8238: gcc -c -g -O0  -o out/conftest2.o conftest.c >&5
configure:8242: $? = 0
configure:8264: result: yes
configure:8272: checking if gcc supports -c -o file.o
configure:8319: result: yes
configure:8352: checking whether the gcc linker (/usr/bin/ld -m elf_x86_64) supports shared libraries
configure:9505: result: yes
configure:9542: checking whether -lc should be explicitly linked in
configure:9550: gcc -c -g -O0  conftest.c >&5
configure:9553: $? = 0
configure:9568: gcc -shared  -fPIC -DPIC conftest.o  -v -Wl,-soname -Wl,conftest -o conftest 2\>\&1 \| /usr/bin/grep  -lc  \>/dev/null 2\>\&1
configure:9571: $? = 0
configure:9585: result: no
configure:9745: checking dynamic linker characteristics
configure:10256: gcc -o conftest -g -O0   -Wl,-rpath -Wl,/foo conftest.c  >&5
configure:10256: $? = 0
configure:10482: result: GNU/Linux ld.so
configure:10589: checking how to hardcode library paths into programs
configure:10614: result: immediate
configure:11154: checking whether stripping libraries is possible
configure:11159: result: yes
configure:11194: checking if libtool supports shared libraries
configure:11196: result: yes
configure:11199: checking whether to build shared libraries
configure:11220: result: yes
configure:11223: checking whether to build static libraries
configure:11227: result: yes
configure:11321: checking for pkg-config
configure:11339: found /usr/bin/pkg-config
configure:11351: result: /usr/bin/pkg-config
configure:11376: checking pkg-config is at least version 0.9.0
configure:11379: result: yes
configure:11389: checking for BILDBETRACHTER
configure:11396: $PKG_CONFIG --exists --print-errors "gtk+-3.0 "
configure:11399: $? = 0
configure:11413: $PKG_CONFIG --exists --print-errors "gtk+-3.0 "
configure:11416: $? = 0
configure:11474: result: yes
configure:11593: checking that generated files are newer than configure
configure:11599: result: done
configure:11622: creating ./config.status

## ---------------------- ##
## Running config.status. ##
## ---------------------- ##

This file was extended by bildbetrachter config.status 0.1, which was
generated by GNU Autoconf 2.69.  Invocation command line was

  CONFIG_FILES    = 
  CONFIG_HEADERS  = 
  CONFIG_LINKS    = 
  CONFIG_COMMANDS = 
  $ ./config.status 

on hp-envy

config.status:1088: creating Makefile
config.status:1088: creating src/Makefile
config.status:1088: creating config.h
config.status:1302: executing depfiles commands
config.status:1302: executing libtool commands
configure:13843: WARNING: unrecognized options: --enable-maintainer-mode

## ---------------- ##
## Cache variables. ##
## ---------------- ##

ac_cv_build=x86_64-unknown-linux-gnu
ac_cv_c_compiler_gnu=yes
ac_cv_env_BILDBETRACHTER_CFLAGS_set=
ac_cv_env_BILDBETRACHTER_CFLAGS_value=
ac_cv_env_BILDBETRACHTER_LIBS_set=
ac_cv_env_BILDBETRACHTER_LIBS_value=
ac_cv_env_CC_set=
ac_cv_env_CC_value=
ac_cv_env_CFLAGS_set=set
ac_cv_env_CFLAGS_value='-g -O0'
ac_cv_env_CPPFLAGS_set=
ac_cv_env_CPPFLAGS_value=
ac_cv_env_CPP_set=
ac_cv_env_CPP_value=
ac_cv_env_LDFLAGS_set=
ac_cv_env_LDFLAGS_value=
ac_cv_env_LIBS_set=
ac_cv_env_LIBS_value=
ac_cv_env_PKG_CONFIG_LIBDIR_set=
ac_cv_env_PKG_CONFIG_LIBDIR_value=
ac_cv_env_PKG_CONFIG_PATH_set=
ac_cv_env_PKG_CONFIG_PATH_value=
ac_cv_env_PKG_CONFIG_set=
ac_cv_env_PKG_CONFIG_value=
ac_cv_env_build_alias_set=
ac_cv_env_build_alias_value=
ac_cv_env_host_alias_set=
ac_cv_env_host_alias_value=
ac_cv_env_target_alias_set=
ac_cv_env_target_alias_value=
ac_cv_header_dlfcn_h=yes
ac_cv_header_inttypes_h=yes
ac_cv_header_memory_h=yes
ac_cv_header_stdc=yes
ac_cv_header_stdint_h=yes
ac_cv_header_stdlib_h=yes
ac_cv_header_string_h=yes
ac_cv_header_strings_h=yes
ac_cv_header_sys_stat_h=yes
ac_cv_header_sys_types_h=yes
ac_cv_header_unistd_h=yes
ac_cv_host=x86_64-unknown-linux-gnu
ac_cv_objext=o
ac_cv_path_EGREP='/usr/bin/grep -E'
ac_cv_path_FGREP='/usr/bin/grep -F'
ac_cv_path_GREP=/usr/bin/grep
ac_cv_path_SED=/usr/bin/sed
ac_cv_path_ac_pt_PKG_CONFIG=/usr/bin/pkg-config
ac_cv_path_install='/usr/bin/install -c'
ac_cv_path_mkdir=/usr/bin/mkdir
ac_cv_prog_AWK=gawk
ac_cv_prog_CPP='gcc -E'
ac_cv_prog_ac_ct_AR=ar
ac_cv_prog_ac_ct_CC=gcc
ac_cv_prog_ac_ct_OBJDUMP=objdump
ac_cv_prog_ac_ct_RANLIB=ranlib
ac_cv_prog_ac_ct_STRIP=strip
ac_cv_prog_cc_c89=
ac_cv_prog_cc_g=yes
ac_cv_prog_make_make_set=yes
am_cv_CC_dependencies_compiler_type=gcc3
am_cv_make_support_nested_variables=yes
lt_cv_ar_at_file=@
lt_cv_archive_cmds_need_lc=no
lt_cv_deplibs_check_method=pass_all
lt_cv_file_magic_cmd='$MAGIC_CMD'
lt_cv_file_magic_test_file=
lt_cv_ld_reload_flag=-r
lt_cv_nm_interface='BSD nm'
lt_cv_objdir=.libs
lt_cv_path_LD=/usr/bin/ld
lt_cv_path_NM='/usr/bin/nm -B'
lt_cv_path_mainfest_tool=no
lt_cv_prog_compiler_c_o=yes
lt_cv_prog_compiler_pic='-fPIC -DPIC'
lt_cv_prog_compiler_pic_works=yes
lt_cv_prog_compiler_rtti_exceptions=no
lt_cv_prog_compiler_static_works=no
lt_cv_prog_gnu_ld=yes
lt_cv_sharedlib_from_linklib_cmd='printf %s\n'
lt_cv_shlibpath_overrides_runpath=no
lt_cv_sys_global_symbol_pipe='sed -n -e '\''s/^.*[	 ]\([ABCDGIRSTW][ABCDGIRSTW]*\)[	 ][	 ]*\([_A-Za-z][_A-Za-z0-9]*\)$/\1 \2 \2/p'\'' | sed '\''/ __gnu_lto/d'\'''
lt_cv_sys_global_symbol_to_c_name_address='sed -n -e '\''s/^: \([^ ]*\)[ ]*$/  {\"\1\", (void *) 0},/p'\'' -e '\''s/^[ABCDGIRSTW]* \([^ ]*\) \([^ ]*\)$/  {"\2", (void *) \&\2},/p'\'''
lt_cv_sys_global_symbol_to_c_name_address_lib_prefix='sed -n -e '\''s/^: \([^ ]*\)[ ]*$/  {\"\1\", (void *) 0},/p'\'' -e '\''s/^[ABCDGIRSTW]* \([^ ]*\) \(lib[^ ]*\)$/  {"\2", (void *) \&\2},/p'\'' -e '\''s/^[ABCDGIRSTW]* \([^ ]*\) \([^ ]*\)$/  {"lib\2", (void *) \&\2},/p'\'''
lt_cv_sys_global_symbol_to_cdecl='sed -n -e '\''s/^T .* \(.*\)$/extern int \1();/p'\'' -e '\''s/^[ABCDGIRSTW]* .* \(.*\)$/extern char \1;/p'\'''
lt_cv_sys_max_cmd_len=1572864
lt_cv_to_host_file_cmd=func_convert_file_noop
lt_cv_to_tool_file_cmd=func_convert_file_noop
pkg_cv_BILDBETRACHTER_CFLAGS='-pthread -I/usr/include/gtk-3.0 -I/usr/include/atk-1.0 -I/usr/include/at-spi2-atk/2.0 -I/usr/include/pango-1.0 -I/usr/include/gio-unix-2.0/ -I/usr/include/cairo -I/usr/include/gdk-pixbuf-2.0 -I/usr/include/glib-2.0 -I/usr/lib64/glib-2.0/include -I/usr/include/harfbuzz -I/usr/include/freetype2 -I/usr/include/pixman-1 -I/usr/include/libpng15 -I/usr/include/libdrm  '
pkg_cv_BILDBETRACHTER_LIBS='-lgtk-3 -lgdk-3 -latk-1.0 -lgio-2.0 -lpangocairo-1.0 -lgdk_pixbuf-2.0 -lcairo-gobject -lpango-1.0 -lcairo -lgobject-2.0 -lglib-2.0  '

## ----------------- ##
## Output variables. ##
## ----------------- ##

ACLOCAL='${SHELL} /home/sevenonlinez/git/GTK-Learning/gtk-first-steps/buttons_and_windows/bildbetrachter/missing --run aclocal-1.12'
AMDEPBACKSLASH='\'
AMDEP_FALSE='#'
AMDEP_TRUE=''
AMTAR='$${TAR-tar}'
AM_BACKSLASH='\'
AM_DEFAULT_V='$(AM_DEFAULT_VERBOSITY)'
AM_DEFAULT_VERBOSITY='0'
AM_V='$(V)'
AR='ar'
AUTOCONF='${SHELL} /home/sevenonlinez/git/GTK-Learning/gtk-first-steps/buttons_and_windows/bildbetrachter/missing --run autoconf'
AUTOHEADER='${SHELL} /home/sevenonlinez/git/GTK-Learning/gtk-first-steps/buttons_and_windows/bildbetrachter/missing --run autoheader'
AUTOMAKE='${SHELL} /home/sevenonlinez/git/GTK-Learning/gtk-first-steps/buttons_and_windows/bildbetrachter/missing --run automake-1.12'
AWK='gawk'
BILDBETRACHTER_CFLAGS='-pthread -I/usr/include/gtk-3.0 -I/usr/include/atk-1.0 -I/usr/include/at-spi2-atk/2.0 -I/usr/include/pango-1.0 -I/usr/include/gio-unix-2.0/ -I/usr/include/cairo -I/usr/include/gdk-pixbuf-2.0 -I/usr/include/glib-2.0 -I/usr/lib64/glib-2.0/include -I/usr/include/harfbuzz -I/usr/include/freetype2 -I/usr/include/pixman-1 -I/usr/include/libpng15 -I/usr/include/libdrm  '
BILDBETRACHTER_LIBS='-lgtk-3 -lgdk-3 -latk-1.0 -lgio-2.0 -lpangocairo-1.0 -lgdk_pixbuf-2.0 -lcairo-gobject -lpango-1.0 -lcairo -lgobject-2.0 -lglib-2.0  '
CC='gcc'
CCDEPMODE='depmode=gcc3'
CFLAGS='-g -O0'
CPP='gcc -E'
CPPFLAGS=''
CYGPATH_W='echo'
DEFS='-DHAVE_CONFIG_H'
DEPDIR='.deps'
DLLTOOL='false'
DSYMUTIL=''
DUMPBIN=''
ECHO_C=''
ECHO_N='-n'
ECHO_T=''
EGREP='/usr/bin/grep -E'
EXEEXT=''
FGREP='/usr/bin/grep -F'
GREP='/usr/bin/grep'
INSTALL_DATA='${INSTALL} -m 644'
INSTALL_PROGRAM='${INSTALL}'
INSTALL_SCRIPT='${INSTALL}'
INSTALL_STRIP_PROGRAM='$(install_sh) -c -s'
LD='/usr/bin/ld -m elf_x86_64'
LDFLAGS=''
LIBOBJS=''
LIBS=''
LIBTOOL='$(SHELL) $(top_builddir)/libtool'
LIPO=''
LN_S='ln -s'
LTLIBOBJS=''
MAKEINFO='${SHELL} /home/sevenonlinez/git/GTK-Learning/gtk-first-steps/buttons_and_windows/bildbetrachter/missing --run makeinfo'
MANIFEST_TOOL=':'
MKDIR_P='/usr/bin/mkdir -p'
NM='/usr/bin/nm -B'
NMEDIT=''
OBJDUMP='objdump'
OBJEXT='o'
OTOOL64=''
OTOOL=''
PACKAGE='bildbetrachter'
PACKAGE_BUGREPORT=''
PACKAGE_NAME='bildbetrachter'
PACKAGE_STRING='bildbetrachter 0.1'
PACKAGE_TARNAME='bildbetrachter'
PACKAGE_URL=''
PACKAGE_VERSION='0.1'
PATH_SEPARATOR=':'
PKG_CONFIG='/usr/bin/pkg-config'
PKG_CONFIG_LIBDIR=''
PKG_CONFIG_PATH=''
RANLIB='ranlib'
SED='/usr/bin/sed'
SET_MAKE=''
SHELL='/bin/sh'
STRIP='strip'
VERSION='0.1'
ac_ct_AR='ar'
ac_ct_CC='gcc'
ac_ct_DUMPBIN=''
am__EXEEXT_FALSE=''
am__EXEEXT_TRUE='#'
am__fastdepCC_FALSE='#'
am__fastdepCC_TRUE=''
am__include='include'
am__isrc=' -I$(srcdir)'
am__leading_dot='.'
am__nodep='_no'
am__quote=''
am__tar='$${TAR-tar} chof - "$$tardir"'
am__untar='$${TAR-tar} xf -'
bindir='${exec_prefix}/bin'
build='x86_64-unknown-linux-gnu'
build_alias=''
build_cpu='x86_64'
build_os='linux-gnu'
build_vendor='unknown'
datadir='${datarootdir}'
datarootdir='${prefix}/share'
docdir='${datarootdir}/doc/${PACKAGE_TARNAME}'
dvidir='${docdir}'
exec_prefix='${prefix}'
host='x86_64-unknown-linux-gnu'
host_alias=''
host_cpu='x86_64'
host_os='linux-gnu'
host_vendor='unknown'
htmldir='${docdir}'
includedir='${prefix}/include'
infodir='${datarootdir}/info'
install_sh='${SHELL} /home/sevenonlinez/git/GTK-Learning/gtk-first-steps/buttons_and_windows/bildbetrachter/install-sh'
libdir='${exec_prefix}/lib'
libexecdir='${exec_prefix}/libexec'
localedir='${datarootdir}/locale'
localstatedir='${prefix}/var'
mandir='${datarootdir}/man'
mkdir_p='$(MKDIR_P)'
oldincludedir='/usr/include'
pdfdir='${docdir}'
prefix='/usr/local'
program_transform_name='s,x,x,'
psdir='${docdir}'
sbindir='${exec_prefix}/sbin'
sharedstatedir='${prefix}/com'
sysconfdir='${prefix}/etc'
target_alias=''

## ----------- ##
## confdefs.h. ##
## ----------- ##

/* confdefs.h */
#define PACKAGE_NAME "bildbetrachter"
#define PACKAGE_TARNAME "bildbetrachter"
#define PACKAGE_VERSION "0.1"
#define PACKAGE_STRING "bildbetrachter 0.1"
#define PACKAGE_BUGREPORT ""
#define PACKAGE_URL ""
#define PACKAGE "bildbetrachter"
#define VERSION "0.1"
#define STDC_HEADERS 1
#define HAVE_SYS_TYPES_H 1
#define HAVE_SYS_STAT_H 1
#define HAVE_STDLIB_H 1
#define HAVE_STRING_H 1
#define HAVE_MEMORY_H 1
#define HAVE_STRINGS_H 1
#define HAVE_INTTYPES_H 1
#define HAVE_STDINT_H 1
#define HAVE_UNISTD_H 1
#define HAVE_DLFCN_H 1
#define LT_OBJDIR ".libs/"

configure: exit 0
