This file contains any messages produced by compilers while
running configure, to aid debugging if configure makes a mistake.

It was created by bildbetrachter_gtk configure 0.1, which was
generated by GNU Autoconf 2.69.  Invocation command line was

  $ /home/sevenonlinez/git/GTK-Learning/gtk-first-steps/buttons_and_windows/bildbetrachter-gtk/configure --enable-maintainer-mode CFLAGS=-g -O0 CXXFLAGS=-g -O0 JFLAGS=-g -O0 FFLAGS=-g -O0

## --------- ##
## Platform. ##
## --------- ##

hostname = hp-envy
uname -m = x86_64
uname -r = 3.8.4-202.fc18.x86_64
uname -s = Linux
uname -v = #1 SMP Thu Mar 21 17:02:20 UTC 2013

/usr/bin/uname -p = x86_64
/bin/uname -X     = unknown

/bin/arch              = x86_64
/usr/bin/arch -k       = unknown
/usr/convex/getsysinfo = unknown
/usr/bin/hostinfo      = unknown
/bin/machine           = unknown
/usr/bin/oslevel       = unknown
/bin/universe          = unknown

PATH: /usr/local/bin
PATH: /usr/bin
PATH: /bin
PATH: /usr/local/sbin
PATH: /usr/sbin
PATH: /home/sevenonlinez/.local/bin
PATH: /home/sevenonlinez/bin


## ----------- ##
## Core tests. ##
## ----------- ##

configure:2316: checking for a BSD-compatible install
configure:2384: result: /usr/bin/install -c
configure:2395: checking whether build environment is sane
configure:2450: result: yes
configure:2601: checking for a thread-safe mkdir -p
configure:2640: result: /usr/bin/mkdir -p
configure:2647: checking for gawk
configure:2663: found /usr/bin/gawk
configure:2674: result: gawk
configure:2685: checking whether make sets $(MAKE)
configure:2707: result: yes
configure:2805: checking whether make supports nested variables
configure:2822: result: yes
configure:2882: checking for gcc
configure:2898: found /usr/bin/gcc
configure:2909: result: gcc
configure:3138: checking for C compiler version
configure:3147: gcc --version >&5
gcc (GCC) 4.7.2 20121109 (Red Hat 4.7.2-8)
Copyright (C) 2012 Free Software Foundation, Inc.
This is free software; see the source for copying conditions.  There is NO
warranty; not even for MERCHANTABILITY or FITNESS FOR A PARTICULAR PURPOSE.

configure:3158: $? = 0
configure:3147: gcc -v >&5
Using built-in specs.
COLLECT_GCC=gcc
COLLECT_LTO_WRAPPER=/usr/libexec/gcc/x86_64-redhat-linux/4.7.2/lto-wrapper
Target: x86_64-redhat-linux
Configured with: ../configure --prefix=/usr --mandir=/usr/share/man --infodir=/usr/share/info --with-bugurl=http://bugzilla.redhat.com/bugzilla --enable-bootstrap --enable-shared --enable-threads=posix --enable-checking=release --disable-build-with-cxx --disable-build-poststage1-with-cxx --with-system-zlib --enable-__cxa_atexit --disable-libunwind-exceptions --enable-gnu-unique-object --enable-linker-build-id --with-linker-hash-style=gnu --enable-languages=c,c++,objc,obj-c++,java,fortran,ada,go,lto --enable-plugin --enable-initfini-array --enable-java-awt=gtk --disable-dssi --with-java-home=/usr/lib/jvm/java-1.5.0-gcj-1.5.0.0/jre --enable-libgcj-multifile --enable-java-maintainer-mode --with-ecj-jar=/usr/share/java/eclipse-ecj.jar --disable-libjava-multilib --with-ppl --with-cloog --with-tune=generic --with-arch_32=i686 --build=x86_64-redhat-linux
Thread model: posix
gcc version 4.7.2 20121109 (Red Hat 4.7.2-8) (GCC) 
configure:3158: $? = 0
configure:3147: gcc -V >&5
gcc: error: unrecognized command line option '-V'
gcc: fatal error: no input files
compilation terminated.
configure:3158: $? = 4
configure:3147: gcc -qversion >&5
gcc: error: unrecognized command line option '-qversion'
gcc: fatal error: no input files
compilation terminated.
configure:3158: $? = 4
configure:3178: checking whether the C compiler works
configure:3200: gcc -g -O0   conftest.c  >&5
configure:3204: $? = 0
configure:3252: result: yes
configure:3255: checking for C compiler default output file name
configure:3257: result: a.out
configure:3263: checking for suffix of executables
configure:3270: gcc -o conftest -g -O0   conftest.c  >&5
configure:3274: $? = 0
configure:3296: result: 
configure:3318: checking whether we are cross compiling
configure:3326: gcc -o conftest -g -O0   conftest.c  >&5
configure:3330: $? = 0
configure:3337: ./conftest
configure:3341: $? = 0
configure:3356: result: no
configure:3361: checking for suffix of object files
configure:3383: gcc -c -g -O0  conftest.c >&5
configure:3387: $? = 0
configure:3408: result: o
configure:3412: checking whether we are using the GNU C compiler
configure:3431: gcc -c -g -O0  conftest.c >&5
configure:3431: $? = 0
configure:3440: result: yes
configure:3449: checking whether gcc accepts -g
configure:3469: gcc -c -g  conftest.c >&5
configure:3469: $? = 0
configure:3510: result: yes
configure:3527: checking for gcc option to accept ISO C89
configure:3590: gcc  -c -g -O0  conftest.c >&5
configure:3590: $? = 0
configure:3603: result: none needed
configure:3634: checking for style of include used by make
configure:3662: result: GNU
configure:3688: checking dependency style of gcc
configure:3799: result: gcc3
configure:3819: checking whether NLS is requested
configure:3828: result: yes
configure:3847: checking for intltool >= 0.35.0
configure:3849: result: 0.50.2 found
configure:3857: checking for intltool-update
configure:3875: found /usr/bin/intltool-update
configure:3887: result: /usr/bin/intltool-update
configure:3897: checking for intltool-merge
configure:3915: found /usr/bin/intltool-merge
configure:3927: result: /usr/bin/intltool-merge
configure:3937: checking for intltool-extract
configure:3955: found /usr/bin/intltool-extract
configure:3967: result: /usr/bin/intltool-extract
configure:4121: checking for xgettext
configure:4139: found /usr/bin/xgettext
configure:4151: result: /usr/bin/xgettext
configure:4161: checking for msgmerge
configure:4179: found /usr/bin/msgmerge
configure:4191: result: /usr/bin/msgmerge
configure:4201: checking for msgfmt
configure:4219: found /usr/bin/msgfmt
configure:4231: result: /usr/bin/msgfmt
configure:4241: checking for gmsgfmt
configure:4272: result: /usr/bin/msgfmt
configure:4292: checking for perl
configure:4310: found /usr/bin/perl
configure:4322: result: /usr/bin/perl
configure:4333: checking for perl >= 5.8.1
configure:4340: result: 5.16.2
configure:4344: checking for XML::Parser
configure:4347: result: ok
configure:4372: gcc -o conftest -g -O0   conftest.c  >&5
configure:4372: $? = 0
configure:4412: checking how to run the C preprocessor
configure:4443: gcc -E  conftest.c
configure:4443: $? = 0
configure:4457: gcc -E  conftest.c
conftest.c:12:28: fatal error: ac_nonexistent.h: No such file or directory
compilation terminated.
configure:4457: $? = 1
configure: failed program was:
| /* confdefs.h */
| #define PACKAGE_NAME "bildbetrachter_gtk"
| #define PACKAGE_TARNAME "bildbetrachter_gtk"
| #define PACKAGE_VERSION "0.1"
| #define PACKAGE_STRING "bildbetrachter_gtk 0.1"
| #define PACKAGE_BUGREPORT ""
| #define PACKAGE_URL ""
| #define PACKAGE "bildbetrachter_gtk"
| #define VERSION "0.1"
| #define GETTEXT_PACKAGE "bildbetrachter_gtk"
| /* end confdefs.h.  */
| #include <ac_nonexistent.h>
configure:4482: result: gcc -E
configure:4502: gcc -E  conftest.c
configure:4502: $? = 0
configure:4516: gcc -E  conftest.c
conftest.c:12:28: fatal error: ac_nonexistent.h: No such file or directory
compilation terminated.
configure:4516: $? = 1
configure: failed program was:
| /* confdefs.h */
| #define PACKAGE_NAME "bildbetrachter_gtk"
| #define PACKAGE_TARNAME "bildbetrachter_gtk"
| #define PACKAGE_VERSION "0.1"
| #define PACKAGE_STRING "bildbetrachter_gtk 0.1"
| #define PACKAGE_BUGREPORT ""
| #define PACKAGE_URL ""
| #define PACKAGE "bildbetrachter_gtk"
| #define VERSION "0.1"
| #define GETTEXT_PACKAGE "bildbetrachter_gtk"
| /* end confdefs.h.  */
| #include <ac_nonexistent.h>
configure:4545: checking for grep that handles long lines and -e
configure:4603: result: /usr/bin/grep
configure:4608: checking for egrep
configure:4670: result: /usr/bin/grep -E
configure:4675: checking for ANSI C header files
configure:4695: gcc -c -g -O0  conftest.c >&5
configure:4695: $? = 0
configure:4768: gcc -o conftest -g -O0   conftest.c  >&5
configure:4768: $? = 0
configure:4768: ./conftest
configure:4768: $? = 0
configure:4779: result: yes
configure:4792: checking for sys/types.h
configure:4792: gcc -c -g -O0  conftest.c >&5
configure:4792: $? = 0
configure:4792: result: yes
configure:4792: checking for sys/stat.h
configure:4792: gcc -c -g -O0  conftest.c >&5
configure:4792: $? = 0
configure:4792: result: yes
configure:4792: checking for stdlib.h
configure:4792: gcc -c -g -O0  conftest.c >&5
configure:4792: $? = 0
configure:4792: result: yes
configure:4792: checking for string.h
configure:4792: gcc -c -g -O0  conftest.c >&5
configure:4792: $? = 0
configure:4792: result: yes
configure:4792: checking for memory.h
configure:4792: gcc -c -g -O0  conftest.c >&5
configure:4792: $? = 0
configure:4792: result: yes
configure:4792: checking for strings.h
configure:4792: gcc -c -g -O0  conftest.c >&5
configure:4792: $? = 0
configure:4792: result: yes
configure:4792: checking for inttypes.h
configure:4792: gcc -c -g -O0  conftest.c >&5
configure:4792: $? = 0
configure:4792: result: yes
configure:4792: checking for stdint.h
configure:4792: gcc -c -g -O0  conftest.c >&5
configure:4792: $? = 0
configure:4792: result: yes
configure:4792: checking for unistd.h
configure:4792: gcc -c -g -O0  conftest.c >&5
configure:4792: $? = 0
configure:4792: result: yes
configure:4807: checking locale.h usability
configure:4807: gcc -c -g -O0  conftest.c >&5
configure:4807: $? = 0
configure:4807: result: yes
configure:4807: checking locale.h presence
configure:4807: gcc -E  conftest.c
configure:4807: $? = 0
configure:4807: result: yes
configure:4807: checking for locale.h
configure:4807: result: yes
configure:4818: checking for LC_MESSAGES
configure:4834: gcc -o conftest -g -O0   conftest.c  >&5
configure:4834: $? = 0
configure:4842: result: yes
configure:4859: checking libintl.h usability
configure:4859: gcc -c -g -O0  conftest.c >&5
configure:4859: $? = 0
configure:4859: result: yes
configure:4859: checking libintl.h presence
configure:4859: gcc -E  conftest.c
configure:4859: $? = 0
configure:4859: result: yes
configure:4859: checking for libintl.h
configure:4859: result: yes
configure:4867: checking for ngettext in libc
configure:4885: gcc -o conftest -g -O0   conftest.c  >&5
configure:4885: $? = 0
configure:4894: result: yes
configure:4898: checking for dgettext in libc
configure:4916: gcc -o conftest -g -O0   conftest.c  >&5
configure:4916: $? = 0
configure:4925: result: yes
configure:4932: checking for bind_textdomain_codeset
configure:4932: gcc -o conftest -g -O0   conftest.c  >&5
configure:4932: $? = 0
configure:4932: result: yes
configure:5208: checking for msgfmt
configure:5235: result: /usr/bin/msgfmt
configure:5246: checking for dcgettext
configure:5246: gcc -o conftest -g -O0   conftest.c   >&5
conftest.c:49:6: warning: conflicting types for built-in function 'dcgettext' [enabled by default]
configure:5246: $? = 0
configure:5246: result: yes
configure:5256: checking if msgfmt accepts -c
configure:5271: $MSGFMT -c -o /dev/null conftest.foo
configure:5274: $? = 0
configure:5276: result: yes
configure:5286: checking for gmsgfmt
configure:5317: result: /usr/bin/msgfmt
configure:5327: checking for xgettext
configure:5354: result: /usr/bin/xgettext
configure:5373: gcc -o conftest -g -O0   conftest.c   >&5
configure:5373: $? = 0
configure:5544: checking build system type
configure:5558: result: x86_64-unknown-linux-gnu
configure:5578: checking host system type
configure:5591: result: x86_64-unknown-linux-gnu
configure:5632: checking how to print strings
configure:5659: result: printf
configure:5680: checking for a sed that does not truncate output
configure:5744: result: /usr/bin/sed
configure:5762: checking for fgrep
configure:5824: result: /usr/bin/grep -F
configure:5859: checking for ld used by gcc
configure:5926: result: /usr/bin/ld
configure:5933: checking if the linker (/usr/bin/ld) is GNU ld
configure:5948: result: yes
configure:5960: checking for BSD- or MS-compatible name lister (nm)
configure:6009: result: /usr/bin/nm -B
configure:6139: checking the name lister (/usr/bin/nm -B) interface
configure:6146: gcc -c -g -O0  conftest.c >&5
configure:6149: /usr/bin/nm -B "conftest.o"
configure:6152: output
0000000000000000 B some_variable
configure:6159: result: BSD nm
configure:6162: checking whether ln -s works
configure:6166: result: yes
configure:6174: checking the maximum length of command line arguments
configure:6304: result: 1572864
configure:6321: checking whether the shell understands some XSI constructs
configure:6331: result: yes
configure:6335: checking whether the shell understands "+="
configure:6341: result: yes
configure:6376: checking how to convert x86_64-unknown-linux-gnu file names to x86_64-unknown-linux-gnu format
configure:6416: result: func_convert_file_noop
configure:6423: checking how to convert x86_64-unknown-linux-gnu file names to toolchain format
configure:6443: result: func_convert_file_noop
configure:6450: checking for /usr/bin/ld option to reload object files
configure:6457: result: -r
configure:6531: checking for objdump
configure:6547: found /usr/bin/objdump
configure:6558: result: objdump
configure:6590: checking how to recognize dependent libraries
configure:6792: result: pass_all
configure:6877: checking for dlltool
configure:6907: result: no
configure:6937: checking how to associate runtime and link libraries
configure:6964: result: printf %s\n
configure:7024: checking for ar
configure:7040: found /usr/bin/ar
configure:7051: result: ar
configure:7088: checking for archiver @FILE support
configure:7105: gcc -c -g -O0  conftest.c >&5
configure:7105: $? = 0
configure:7108: ar cru libconftest.a @conftest.lst >&5
configure:7111: $? = 0
configure:7116: ar cru libconftest.a @conftest.lst >&5
ar: conftest.o: No such file or directory
configure:7119: $? = 1
configure:7131: result: @
configure:7189: checking for strip
configure:7205: found /usr/bin/strip
configure:7216: result: strip
configure:7288: checking for ranlib
configure:7304: found /usr/bin/ranlib
configure:7315: result: ranlib
configure:7417: checking command to parse /usr/bin/nm -B output from gcc object
configure:7537: gcc -c -g -O0  conftest.c >&5
configure:7540: $? = 0
configure:7544: /usr/bin/nm -B conftest.o \| sed -n -e 's/^.*[ ]\([ABCDGIRSTW][ABCDGIRSTW]*\)[ ][ ]*\([_A-Za-z][_A-Za-z0-9]*\)$/\1 \2 \2/p' | sed '/ __gnu_lto/d' \> conftest.nm
configure:7547: $? = 0
configure:7613: gcc -o conftest -g -O0   conftest.c conftstm.o >&5
configure:7616: $? = 0
configure:7654: result: ok
configure:7691: checking for sysroot
configure:7721: result: no
configure:7798: gcc -c -g -O0  conftest.c >&5
configure:7801: $? = 0
configure:7977: checking for mt
configure:8007: result: no
configure:8027: checking if : is a manifest tool
configure:8033: : '-?'
configure:8041: result: no
configure:8680: checking for dlfcn.h
configure:8680: gcc -c -g -O0  conftest.c >&5
configure:8680: $? = 0
configure:8680: result: yes
configure:8886: checking for objdir
configure:8901: result: .libs
configure:9168: checking if gcc supports -fno-rtti -fno-exceptions
configure:9186: gcc -c -g -O0  -fno-rtti -fno-exceptions conftest.c >&5
cc1: warning: command line option '-fno-rtti' is valid for C++/ObjC++ but not for C [enabled by default]
configure:9190: $? = 0
configure:9203: result: no
configure:9530: checking for gcc option to produce PIC
configure:9537: result: -fPIC -DPIC
configure:9545: checking if gcc PIC flag -fPIC -DPIC works
configure:9563: gcc -c -g -O0  -fPIC -DPIC -DPIC conftest.c >&5
configure:9567: $? = 0
configure:9580: result: yes
configure:9609: checking if gcc static flag -static works
configure:9637: result: no
configure:9652: checking if gcc supports -c -o file.o
configure:9673: gcc -c -g -O0  -o out/conftest2.o conftest.c >&5
configure:9677: $? = 0
configure:9699: result: yes
configure:9707: checking if gcc supports -c -o file.o
configure:9754: result: yes
configure:9787: checking whether the gcc linker (/usr/bin/ld -m elf_x86_64) supports shared libraries
configure:10940: result: yes
configure:10977: checking whether -lc should be explicitly linked in
configure:10985: gcc -c -g -O0  conftest.c >&5
configure:10988: $? = 0
configure:11003: gcc -shared  -fPIC -DPIC conftest.o  -v -Wl,-soname -Wl,conftest -o conftest 2\>\&1 \| /usr/bin/grep  -lc  \>/dev/null 2\>\&1
configure:11006: $? = 0
configure:11020: result: no
configure:11180: checking dynamic linker characteristics
configure:11691: gcc -o conftest -g -O0   -Wl,-rpath -Wl,/foo conftest.c  >&5
configure:11691: $? = 0
configure:11917: result: GNU/Linux ld.so
configure:12024: checking how to hardcode library paths into programs
configure:12049: result: immediate
configure:12589: checking whether stripping libraries is possible
configure:12594: result: yes
configure:12629: checking if libtool supports shared libraries
configure:12631: result: yes
configure:12634: checking whether to build shared libraries
configure:12655: result: yes
configure:12658: checking whether to build static libraries
configure:12662: result: yes
configure:12756: checking for pkg-config
configure:12774: found /usr/bin/pkg-config
configure:12786: result: /usr/bin/pkg-config
configure:12811: checking pkg-config is at least version 0.9.0
configure:12814: result: yes
configure:12824: checking for BILDBETRACHTER_GTK
configure:12831: $PKG_CONFIG --exists --print-errors "gtk+-3.0 >= 2.90.3 "
configure:12834: $? = 0
configure:12848: $PKG_CONFIG --exists --print-errors "gtk+-3.0 >= 2.90.3 "
configure:12851: $? = 0
configure:12909: result: yes
configure:13028: checking that generated files are newer than configure
configure:13034: result: done
configure:13061: creating ./config.status

## ---------------------- ##
## Running config.status. ##
## ---------------------- ##

This file was extended by bildbetrachter_gtk config.status 0.1, which was
generated by GNU Autoconf 2.69.  Invocation command line was

  CONFIG_FILES    = 
  CONFIG_HEADERS  = 
  CONFIG_LINKS    = 
  CONFIG_COMMANDS = 
  $ ./config.status 

on hp-envy

config.status:1166: creating Makefile
config.status:1166: creating src/Makefile
config.status:1166: creating po/Makefile.in
config.status:1166: creating config.h
config.status:1380: executing depfiles commands
config.status:1380: executing default-1 commands
config.status:1380: executing libtool commands
config.status:1380: executing po/stamp-it commands
configure:15309: WARNING: unrecognized options: --enable-maintainer-mode

## ---------------- ##
## Cache variables. ##
## ---------------- ##

ac_cv_build=x86_64-unknown-linux-gnu
ac_cv_c_compiler_gnu=yes
ac_cv_env_BILDBETRACHTER_GTK_CFLAGS_set=
ac_cv_env_BILDBETRACHTER_GTK_CFLAGS_value=
ac_cv_env_BILDBETRACHTER_GTK_LIBS_set=
ac_cv_env_BILDBETRACHTER_GTK_LIBS_value=
ac_cv_env_CC_set=
ac_cv_env_CC_value=
ac_cv_env_CFLAGS_set=set
ac_cv_env_CFLAGS_value='-g -O0'
ac_cv_env_CPPFLAGS_set=
ac_cv_env_CPPFLAGS_value=
ac_cv_env_CPP_set=
ac_cv_env_CPP_value=
ac_cv_env_LDFLAGS_set=
ac_cv_env_LDFLAGS_value=
ac_cv_env_LIBS_set=
ac_cv_env_LIBS_value=
ac_cv_env_PKG_CONFIG_LIBDIR_set=
ac_cv_env_PKG_CONFIG_LIBDIR_value=
ac_cv_env_PKG_CONFIG_PATH_set=
ac_cv_env_PKG_CONFIG_PATH_value=
ac_cv_env_PKG_CONFIG_set=
ac_cv_env_PKG_CONFIG_value=
ac_cv_env_build_alias_set=
ac_cv_env_build_alias_value=
ac_cv_env_host_alias_set=
ac_cv_env_host_alias_value=
ac_cv_env_target_alias_set=
ac_cv_env_target_alias_value=
ac_cv_func_bind_textdomain_codeset=yes
ac_cv_func_dcgettext=yes
ac_cv_header_dlfcn_h=yes
ac_cv_header_inttypes_h=yes
ac_cv_header_libintl_h=yes
ac_cv_header_locale_h=yes
ac_cv_header_memory_h=yes
ac_cv_header_stdc=yes
ac_cv_header_stdint_h=yes
ac_cv_header_stdlib_h=yes
ac_cv_header_string_h=yes
ac_cv_header_strings_h=yes
ac_cv_header_sys_stat_h=yes
ac_cv_header_sys_types_h=yes
ac_cv_header_unistd_h=yes
ac_cv_host=x86_64-unknown-linux-gnu
ac_cv_objext=o
ac_cv_path_EGREP='/usr/bin/grep -E'
ac_cv_path_FGREP='/usr/bin/grep -F'
ac_cv_path_GMSGFMT=/usr/bin/msgfmt
ac_cv_path_GREP=/usr/bin/grep
ac_cv_path_INTLTOOL_EXTRACT=/usr/bin/intltool-extract
ac_cv_path_INTLTOOL_MERGE=/usr/bin/intltool-merge
ac_cv_path_INTLTOOL_PERL=/usr/bin/perl
ac_cv_path_INTLTOOL_UPDATE=/usr/bin/intltool-update
ac_cv_path_MSGFMT=/usr/bin/msgfmt
ac_cv_path_MSGMERGE=/usr/bin/msgmerge
ac_cv_path_SED=/usr/bin/sed
ac_cv_path_XGETTEXT=/usr/bin/xgettext
ac_cv_path_ac_pt_PKG_CONFIG=/usr/bin/pkg-config
ac_cv_path_install='/usr/bin/install -c'
ac_cv_path_mkdir=/usr/bin/mkdir
ac_cv_prog_AWK=gawk
ac_cv_prog_CPP='gcc -E'
ac_cv_prog_ac_ct_AR=ar
ac_cv_prog_ac_ct_CC=gcc
ac_cv_prog_ac_ct_OBJDUMP=objdump
ac_cv_prog_ac_ct_RANLIB=ranlib
ac_cv_prog_ac_ct_STRIP=strip
ac_cv_prog_cc_c89=
ac_cv_prog_cc_g=yes
ac_cv_prog_make_make_set=yes
am_cv_CC_dependencies_compiler_type=gcc3
am_cv_make_support_nested_variables=yes
am_cv_val_LC_MESSAGES=yes
gt_cv_func_dgettext_libc=yes
gt_cv_func_dgettext_libintl=no
gt_cv_func_ngettext_libc=yes
gt_cv_have_gettext=yes
lt_cv_ar_at_file=@
lt_cv_archive_cmds_need_lc=no
lt_cv_deplibs_check_method=pass_all
lt_cv_file_magic_cmd='$MAGIC_CMD'
lt_cv_file_magic_test_file=
lt_cv_ld_reload_flag=-r
lt_cv_nm_interface='BSD nm'
lt_cv_objdir=.libs
lt_cv_path_LD=/usr/bin/ld
lt_cv_path_NM='/usr/bin/nm -B'
lt_cv_path_mainfest_tool=no
lt_cv_prog_compiler_c_o=yes
lt_cv_prog_compiler_pic='-fPIC -DPIC'
lt_cv_prog_compiler_pic_works=yes
lt_cv_prog_compiler_rtti_exceptions=no
lt_cv_prog_compiler_static_works=no
lt_cv_prog_gnu_ld=yes
lt_cv_sharedlib_from_linklib_cmd='printf %s\n'
lt_cv_shlibpath_overrides_runpath=no
lt_cv_sys_global_symbol_pipe='sed -n -e '\''s/^.*[	 ]\([ABCDGIRSTW][ABCDGIRSTW]*\)[	 ][	 ]*\([_A-Za-z][_A-Za-z0-9]*\)$/\1 \2 \2/p'\'' | sed '\''/ __gnu_lto/d'\'''
lt_cv_sys_global_symbol_to_c_name_address='sed -n -e '\''s/^: \([^ ]*\)[ ]*$/  {\"\1\", (void *) 0},/p'\'' -e '\''s/^[ABCDGIRSTW]* \([^ ]*\) \([^ ]*\)$/  {"\2", (void *) \&\2},/p'\'''
lt_cv_sys_global_symbol_to_c_name_address_lib_prefix='sed -n -e '\''s/^: \([^ ]*\)[ ]*$/  {\"\1\", (void *) 0},/p'\'' -e '\''s/^[ABCDGIRSTW]* \([^ ]*\) \(lib[^ ]*\)$/  {"\2", (void *) \&\2},/p'\'' -e '\''s/^[ABCDGIRSTW]* \([^ ]*\) \([^ ]*\)$/  {"lib\2", (void *) \&\2},/p'\'''
lt_cv_sys_global_symbol_to_cdecl='sed -n -e '\''s/^T .* \(.*\)$/extern int \1();/p'\'' -e '\''s/^[ABCDGIRSTW]* .* \(.*\)$/extern char \1;/p'\'''
lt_cv_sys_max_cmd_len=1572864
lt_cv_to_host_file_cmd=func_convert_file_noop
lt_cv_to_tool_file_cmd=func_convert_file_noop
pkg_cv_BILDBETRACHTER_GTK_CFLAGS='-pthread -I/usr/include/gtk-3.0 -I/usr/include/atk-1.0 -I/usr/include/at-spi2-atk/2.0 -I/usr/include/pango-1.0 -I/usr/include/gio-unix-2.0/ -I/usr/include/cairo -I/usr/include/gdk-pixbuf-2.0 -I/usr/include/glib-2.0 -I/usr/lib64/glib-2.0/include -I/usr/include/harfbuzz -I/usr/include/freetype2 -I/usr/include/pixman-1 -I/usr/include/libpng15 -I/usr/include/libdrm  '
pkg_cv_BILDBETRACHTER_GTK_LIBS='-lgtk-3 -lgdk-3 -latk-1.0 -lgio-2.0 -lpangocairo-1.0 -lgdk_pixbuf-2.0 -lcairo-gobject -lpango-1.0 -lcairo -lgobject-2.0 -lglib-2.0  '

## ----------------- ##
## Output variables. ##
## ----------------- ##

ACLOCAL='${SHELL} /home/sevenonlinez/git/GTK-Learning/gtk-first-steps/buttons_and_windows/bildbetrachter-gtk/missing --run aclocal-1.12'
ALL_LINGUAS=''
AMDEPBACKSLASH='\'
AMDEP_FALSE='#'
AMDEP_TRUE=''
AMTAR='$${TAR-tar}'
AM_BACKSLASH='\'
AM_DEFAULT_V='$(AM_DEFAULT_VERBOSITY)'
AM_DEFAULT_VERBOSITY='0'
AM_V='$(V)'
AR='ar'
AUTOCONF='${SHELL} /home/sevenonlinez/git/GTK-Learning/gtk-first-steps/buttons_and_windows/bildbetrachter-gtk/missing --run autoconf'
AUTOHEADER='${SHELL} /home/sevenonlinez/git/GTK-Learning/gtk-first-steps/buttons_and_windows/bildbetrachter-gtk/missing --run autoheader'
AUTOMAKE='${SHELL} /home/sevenonlinez/git/GTK-Learning/gtk-first-steps/buttons_and_windows/bildbetrachter-gtk/missing --run automake-1.12'
AWK='gawk'
BILDBETRACHTER_GTK_CFLAGS='-pthread -I/usr/include/gtk-3.0 -I/usr/include/atk-1.0 -I/usr/include/at-spi2-atk/2.0 -I/usr/include/pango-1.0 -I/usr/include/gio-unix-2.0/ -I/usr/include/cairo -I/usr/include/gdk-pixbuf-2.0 -I/usr/include/glib-2.0 -I/usr/lib64/glib-2.0/include -I/usr/include/harfbuzz -I/usr/include/freetype2 -I/usr/include/pixman-1 -I/usr/include/libpng15 -I/usr/include/libdrm  '
BILDBETRACHTER_GTK_LIBS='-lgtk-3 -lgdk-3 -latk-1.0 -lgio-2.0 -lpangocairo-1.0 -lgdk_pixbuf-2.0 -lcairo-gobject -lpango-1.0 -lcairo -lgobject-2.0 -lglib-2.0  '
CATALOGS=''
CATOBJEXT='.gmo'
CC='gcc'
CCDEPMODE='depmode=gcc3'
CFLAGS='-g -O0'
CPP='gcc -E'
CPPFLAGS=''
CYGPATH_W='echo'
DATADIRNAME='share'
DEFS='-DHAVE_CONFIG_H'
DEPDIR='.deps'
DLLTOOL='false'
DSYMUTIL=''
DUMPBIN=''
ECHO_C=''
ECHO_N='-n'
ECHO_T=''
EGREP='/usr/bin/grep -E'
EXEEXT=''
FGREP='/usr/bin/grep -F'
GETTEXT_PACKAGE='bildbetrachter_gtk'
GMOFILES=''
GMSGFMT='/usr/bin/msgfmt'
GREP='/usr/bin/grep'
INSTALL_DATA='${INSTALL} -m 644'
INSTALL_PROGRAM='${INSTALL}'
INSTALL_SCRIPT='${INSTALL}'
INSTALL_STRIP_PROGRAM='$(install_sh) -c -s'
INSTOBJEXT='.mo'
INTLLIBS=''
INTLTOOL_CAVES_RULE='%.caves:     %.caves.in     $(INTLTOOL_MERGE) $(wildcard $(top_srcdir)/po/*.po) ; $(INTLTOOL_V_MERGE)LC_ALL=C $(INTLTOOL_MERGE) $(INTLTOOL_V_MERGE_OPTIONS) -d -u -c $(top_builddir)/po/.intltool-merge-cache $(top_srcdir)/po $< $@'
INTLTOOL_DESKTOP_RULE='%.desktop:   %.desktop.in   $(INTLTOOL_MERGE) $(wildcard $(top_srcdir)/po/*.po) ; $(INTLTOOL_V_MERGE)LC_ALL=C $(INTLTOOL_MERGE) $(INTLTOOL_V_MERGE_OPTIONS) -d -u -c $(top_builddir)/po/.intltool-merge-cache $(top_srcdir)/po $< $@'
INTLTOOL_DIRECTORY_RULE='%.directory: %.directory.in $(INTLTOOL_MERGE) $(wildcard $(top_srcdir)/po/*.po) ; $(INTLTOOL_V_MERGE)LC_ALL=C $(INTLTOOL_MERGE) $(INTLTOOL_V_MERGE_OPTIONS) -d -u -c $(top_builddir)/po/.intltool-merge-cache $(top_srcdir)/po $< $@'
INTLTOOL_EXTRACT='/usr/bin/intltool-extract'
INTLTOOL_KBD_RULE='%.kbd:       %.kbd.in       $(INTLTOOL_MERGE) $(wildcard $(top_srcdir)/po/*.po) ; $(INTLTOOL_V_MERGE)LC_ALL=C $(INTLTOOL_MERGE) $(INTLTOOL_V_MERGE_OPTIONS) -x -u -m -c $(top_builddir)/po/.intltool-merge-cache $(top_srcdir)/po $< $@'
INTLTOOL_KEYS_RULE='%.keys:      %.keys.in      $(INTLTOOL_MERGE) $(wildcard $(top_srcdir)/po/*.po) ; $(INTLTOOL_V_MERGE)LC_ALL=C $(INTLTOOL_MERGE) $(INTLTOOL_V_MERGE_OPTIONS) -k -u -c $(top_builddir)/po/.intltool-merge-cache $(top_srcdir)/po $< $@'
INTLTOOL_MERGE='/usr/bin/intltool-merge'
INTLTOOL_OAF_RULE='%.oaf:       %.oaf.in       $(INTLTOOL_MERGE) $(wildcard $(top_srcdir)/po/*.po) ; $(INTLTOOL_V_MERGE)LC_ALL=C $(INTLTOOL_MERGE) $(INTLTOOL_V_MERGE_OPTIONS) -o -p $(top_srcdir)/po $< $@'
INTLTOOL_PERL='/usr/bin/perl'
INTLTOOL_POLICY_RULE='%.policy:    %.policy.in    $(INTLTOOL_MERGE) $(wildcard $(top_srcdir)/po/*.po) ; $(INTLTOOL_V_MERGE)LC_ALL=C $(INTLTOOL_MERGE) $(INTLTOOL_V_MERGE_OPTIONS) -x -u -c $(top_builddir)/po/.intltool-merge-cache $(top_srcdir)/po $< $@'
INTLTOOL_PONG_RULE='%.pong:      %.pong.in      $(INTLTOOL_MERGE) $(wildcard $(top_srcdir)/po/*.po) ; $(INTLTOOL_V_MERGE)LC_ALL=C $(INTLTOOL_MERGE) $(INTLTOOL_V_MERGE_OPTIONS) -x -u -c $(top_builddir)/po/.intltool-merge-cache $(top_srcdir)/po $< $@'
INTLTOOL_PROP_RULE='%.prop:      %.prop.in      $(INTLTOOL_MERGE) $(wildcard $(top_srcdir)/po/*.po) ; $(INTLTOOL_V_MERGE)LC_ALL=C $(INTLTOOL_MERGE) $(INTLTOOL_V_MERGE_OPTIONS) -d -u -c $(top_builddir)/po/.intltool-merge-cache $(top_srcdir)/po $< $@'
INTLTOOL_SCHEMAS_RULE='%.schemas:   %.schemas.in   $(INTLTOOL_MERGE) $(wildcard $(top_srcdir)/po/*.po) ; $(INTLTOOL_V_MERGE)LC_ALL=C $(INTLTOOL_MERGE) $(INTLTOOL_V_MERGE_OPTIONS) -s -u -c $(top_builddir)/po/.intltool-merge-cache $(top_srcdir)/po $< $@'
INTLTOOL_SERVER_RULE='%.server:    %.server.in    $(INTLTOOL_MERGE) $(wildcard $(top_srcdir)/po/*.po) ; $(INTLTOOL_V_MERGE)LC_ALL=C $(INTLTOOL_MERGE) $(INTLTOOL_V_MERGE_OPTIONS) -o -u -c $(top_builddir)/po/.intltool-merge-cache $(top_srcdir)/po $< $@'
INTLTOOL_SERVICE_RULE='%.service: %.service.in   $(INTLTOOL_MERGE) $(wildcard $(top_srcdir)/po/*.po) ; $(INTLTOOL_V_MERGE)LC_ALL=C $(INTLTOOL_MERGE) $(INTLTOOL_V_MERGE_OPTIONS) -d -u -c $(top_builddir)/po/.intltool-merge-cache $(top_srcdir)/po $< $@'
INTLTOOL_SHEET_RULE='%.sheet:     %.sheet.in     $(INTLTOOL_MERGE) $(wildcard $(top_srcdir)/po/*.po) ; $(INTLTOOL_V_MERGE)LC_ALL=C $(INTLTOOL_MERGE) $(INTLTOOL_V_MERGE_OPTIONS) -x -u -c $(top_builddir)/po/.intltool-merge-cache $(top_srcdir)/po $< $@'
INTLTOOL_SOUNDLIST_RULE='%.soundlist: %.soundlist.in $(INTLTOOL_MERGE) $(wildcard $(top_srcdir)/po/*.po) ; $(INTLTOOL_V_MERGE)LC_ALL=C $(INTLTOOL_MERGE) $(INTLTOOL_V_MERGE_OPTIONS) -d -u -c $(top_builddir)/po/.intltool-merge-cache $(top_srcdir)/po $< $@'
INTLTOOL_THEME_RULE='%.theme:     %.theme.in     $(INTLTOOL_MERGE) $(wildcard $(top_srcdir)/po/*.po) ; $(INTLTOOL_V_MERGE)LC_ALL=C $(INTLTOOL_MERGE) $(INTLTOOL_V_MERGE_OPTIONS) -d -u -c $(top_builddir)/po/.intltool-merge-cache $(top_srcdir)/po $< $@'
INTLTOOL_UI_RULE='%.ui:        %.ui.in        $(INTLTOOL_MERGE) $(wildcard $(top_srcdir)/po/*.po) ; $(INTLTOOL_V_MERGE)LC_ALL=C $(INTLTOOL_MERGE) $(INTLTOOL_V_MERGE_OPTIONS) -x -u -c $(top_builddir)/po/.intltool-merge-cache $(top_srcdir)/po $< $@'
INTLTOOL_UPDATE='/usr/bin/intltool-update'
INTLTOOL_V_MERGE='$(INTLTOOL__v_MERGE_$(V))'
INTLTOOL_V_MERGE_OPTIONS='$(intltool__v_merge_options_$(V))'
INTLTOOL_XAM_RULE='%.xam:       %.xml.in       $(INTLTOOL_MERGE) $(wildcard $(top_srcdir)/po/*.po) ; $(INTLTOOL_V_MERGE)LC_ALL=C $(INTLTOOL_MERGE) $(INTLTOOL_V_MERGE_OPTIONS) -x -u -c $(top_builddir)/po/.intltool-merge-cache $(top_srcdir)/po $< $@'
INTLTOOL_XML_NOMERGE_RULE='%.xml:       %.xml.in       $(INTLTOOL_MERGE) ; $(INTLTOOL_V_MERGE)LC_ALL=C $(INTLTOOL_MERGE) $(INTLTOOL_V_MERGE_OPTIONS) -x -u --no-translations $< $@'
INTLTOOL_XML_RULE='%.xml:       %.xml.in       $(INTLTOOL_MERGE) $(wildcard $(top_srcdir)/po/*.po) ; $(INTLTOOL_V_MERGE)LC_ALL=C $(INTLTOOL_MERGE) $(INTLTOOL_V_MERGE_OPTIONS) -x -u -c $(top_builddir)/po/.intltool-merge-cache $(top_srcdir)/po $< $@'
INTLTOOL__v_MERGE_0='@echo "  ITMRG " $@;'
INTLTOOL__v_MERGE_='$(INTLTOOL__v_MERGE_$(AM_DEFAULT_VERBOSITY))'
LD='/usr/bin/ld -m elf_x86_64'
LDFLAGS=''
LIBOBJS=''
LIBS=''
LIBTOOL='$(SHELL) $(top_builddir)/libtool'
LIPO=''
LN_S='ln -s'
LTLIBOBJS=''
MAKEINFO='${SHELL} /home/sevenonlinez/git/GTK-Learning/gtk-first-steps/buttons_and_windows/bildbetrachter-gtk/missing --run makeinfo'
MANIFEST_TOOL=':'
MKDIR_P='/usr/bin/mkdir -p'
MKINSTALLDIRS='/home/sevenonlinez/git/GTK-Learning/gtk-first-steps/buttons_and_windows/bildbetrachter-gtk/mkinstalldirs'
MSGFMT='/usr/bin/msgfmt'
MSGFMT_OPTS='-c'
MSGMERGE='/usr/bin/msgmerge'
NM='/usr/bin/nm -B'
NMEDIT=''
OBJDUMP='objdump'
OBJEXT='o'
OTOOL64=''
OTOOL=''
PACKAGE='bildbetrachter_gtk'
PACKAGE_BUGREPORT=''
PACKAGE_NAME='bildbetrachter_gtk'
PACKAGE_STRING='bildbetrachter_gtk 0.1'
PACKAGE_TARNAME='bildbetrachter_gtk'
PACKAGE_URL=''
PACKAGE_VERSION='0.1'
PATH_SEPARATOR=':'
PKG_CONFIG='/usr/bin/pkg-config'
PKG_CONFIG_LIBDIR=''
PKG_CONFIG_PATH=''
POFILES=''
POSUB='po'
PO_IN_DATADIR_FALSE=''
PO_IN_DATADIR_TRUE=''
RANLIB='ranlib'
SED='/usr/bin/sed'
SET_MAKE=''
SHELL='/bin/sh'
STRIP='strip'
USE_NLS='yes'
VERSION='0.1'
XGETTEXT='/usr/bin/xgettext'
ac_ct_AR='ar'
ac_ct_CC='gcc'
ac_ct_DUMPBIN=''
am__EXEEXT_FALSE=''
am__EXEEXT_TRUE='#'
am__fastdepCC_FALSE='#'
am__fastdepCC_TRUE=''
am__include='include'
am__isrc=' -I$(srcdir)'
am__leading_dot='.'
am__nodep='_no'
am__quote=''
am__tar='$${TAR-tar} chof - "$$tardir"'
am__untar='$${TAR-tar} xf -'
bindir='${exec_prefix}/bin'
build='x86_64-unknown-linux-gnu'
build_alias=''
build_cpu='x86_64'
build_os='linux-gnu'
build_vendor='unknown'
datadir='${datarootdir}'
datarootdir='${prefix}/share'
docdir='${datarootdir}/doc/${PACKAGE_TARNAME}'
dvidir='${docdir}'
exec_prefix='${prefix}'
host='x86_64-unknown-linux-gnu'
host_alias=''
host_cpu='x86_64'
host_os='linux-gnu'
host_vendor='unknown'
htmldir='${docdir}'
includedir='${prefix}/include'
infodir='${datarootdir}/info'
install_sh='${SHELL} /home/sevenonlinez/git/GTK-Learning/gtk-first-steps/buttons_and_windows/bildbetrachter-gtk/install-sh'
intltool__v_merge_options_0='-q'
intltool__v_merge_options_='$(intltool__v_merge_options_$(AM_DEFAULT_VERBOSITY))'
libdir='${exec_prefix}/lib'
libexecdir='${exec_prefix}/libexec'
localedir='${datarootdir}/locale'
localstatedir='${prefix}/var'
mandir='${datarootdir}/man'
mkdir_p='$(MKDIR_P)'
oldincludedir='/usr/include'
pdfdir='${docdir}'
prefix='/usr/local'
program_transform_name='s,x,x,'
psdir='${docdir}'
sbindir='${exec_prefix}/sbin'
sharedstatedir='${prefix}/com'
sysconfdir='${prefix}/etc'
target_alias=''

## ----------- ##
## confdefs.h. ##
## ----------- ##

/* confdefs.h */
#define PACKAGE_NAME "bildbetrachter_gtk"
#define PACKAGE_TARNAME "bildbetrachter_gtk"
#define PACKAGE_VERSION "0.1"
#define PACKAGE_STRING "bildbetrachter_gtk 0.1"
#define PACKAGE_BUGREPORT ""
#define PACKAGE_URL ""
#define PACKAGE "bildbetrachter_gtk"
#define VERSION "0.1"
#define GETTEXT_PACKAGE "bildbetrachter_gtk"
#define STDC_HEADERS 1
#define HAVE_SYS_TYPES_H 1
#define HAVE_SYS_STAT_H 1
#define HAVE_STDLIB_H 1
#define HAVE_STRING_H 1
#define HAVE_MEMORY_H 1
#define HAVE_STRINGS_H 1
#define HAVE_INTTYPES_H 1
#define HAVE_STDINT_H 1
#define HAVE_UNISTD_H 1
#define HAVE_LOCALE_H 1
#define HAVE_LC_MESSAGES 1
#define HAVE_BIND_TEXTDOMAIN_CODESET 1
#define HAVE_GETTEXT 1
#define HAVE_DCGETTEXT 1
#define ENABLE_NLS 1
#define HAVE_DLFCN_H 1
#define LT_OBJDIR ".libs/"

configure: exit 0

## ---------------------- ##
## Running config.status. ##
## ---------------------- ##

This file was extended by bildbetrachter_gtk config.status 0.1, which was
generated by GNU Autoconf 2.69.  Invocation command line was

  CONFIG_FILES    = 
  CONFIG_HEADERS  = 
  CONFIG_LINKS    = 
  CONFIG_COMMANDS = 
  $ ./config.status config.h

on hp-envy

config.status:1166: creating config.h
config.status:1332: config.h is unchanged
